2025-01-28 19:57:11|   0.0|  0.0|INFORM|Current FME version: FME 2024.2.0.0 (20241102 - Build 24783 - WIN64)
2025-01-28 19:57:11|   0.0|  0.0|INFORM|System Time: 20250129005712 UTC
2025-01-28 19:57:11|   0.0|  0.0|INFORM|FME_HOME is 'C:\Program Files\FME\'
2025-01-28 19:57:11|   0.0|  0.0|INFORM|FME Form (floating)
2025-01-28 19:57:11|   0.0|  0.0|INFORM|Temporary License: 154 days left.
2025-01-28 19:57:11|   0.0|  0.0|INFORM|Machine host name is: C46390
2025-01-28 19:57:11|   0.0|  0.0|INFORM|OS Locale Name     : fr_CA
2025-01-28 19:57:11|   0.0|  0.0|INFORM|OS Locale Encoding : windows-1252
2025-01-28 19:57:11|   0.0|  0.0|INFORM|Process Encoding   : UTF-8
2025-01-28 19:57:11|   0.0|  0.0|INFORM|FME API version: '4.0 20240212'
2025-01-28 19:57:11|   0.0|  0.0|INFORM|FME Configuration: FME_BASE is 'no'
2025-01-28 19:57:11|   0.0|  0.0|INFORM|FME Configuration: FME_MF_DIR is 'D:\Loup\7630h25\semaine3/'
2025-01-28 19:57:11|   0.0|  0.0|INFORM|FME Configuration: FME_MF_NAME is 'lab3.fmw'
2025-01-28 19:57:11|   0.0|  0.0|INFORM|FME Configuration: FME_PRODUCT_NAME is 'FME(R) 2024.2.0.0'
2025-01-28 19:57:11|   0.0|  0.0|INFORM|Operating System: Microsoft Windows 11 64-bit  (Build 26100)
2025-01-28 19:57:11|   0.0|  0.0|INFORM|FME Platform: WIN64
2025-01-28 19:57:11|   0.0|  0.0|INFORM|System Status: 696.80 GB of disk space available in the FME temporary folder (C:\Users\kg291979\AppData\Local\Temp\wbrun_1738106697926_21544\fmetmp_12)
2025-01-28 19:57:11|   0.0|  0.0|INFORM|System Status: 31.80 GB of physical memory available
2025-01-28 19:57:11|   0.0|  0.0|INFORM|System Status: 127.20 GB of virtual memory available
2025-01-28 19:57:11|   0.0|  0.0|INFORM|START - ProcessID: 9964, peak process memory usage: 43064 kB, current process memory usage: 43064 kB
2025-01-28 19:57:11|   0.0|  0.0|INFORM|FME Configuration: Command line arguments are `C:\Program Files\FME\fme.exe' `D:\Loup\7630h25\semaine3\wb-xlate-1738112231616_21544' `--FME_LAUNCH_VIEWER_APP' `WORKBENCH' `LOG_STANDARDOUT' `YES' `LOG_TIMINGS' `YES' `LOG_FILENAME' `$(WORKSPACE_NAME).log' `LogCountServerName' `56293' `LOG_STANDARDOUT' `No' `WORKBENCH_LOG_SERVER' `56285'
2025-01-28 19:57:11|   0.0|  0.0|INFORM|FME Configuration: Connection Storage: 'C:\Users\kg291979\AppData\Roaming\Safe Software\FME\'
2025-01-28 19:57:12|   0.0|  0.0|INFORM|Shared folders for formats are : C:\Program Files\FME\datasources;C:\Users\kg291979\Documents\FME\Formats
2025-01-28 19:57:12|   0.0|  0.0|INFORM|Shared folders for transformers are : C:\Users\kg291979\AppData\Roaming\Safe Software\FME\Packages\24783-win64\transformers;C:\Program Files\FME\transformers
2025-01-28 19:57:12|   0.0|  0.0|INFORM|Shared folders for coordinate systems are : C:\Users\kg291979\Documents\FME\CoordinateSystems
2025-01-28 19:57:12|   0.0|  0.0|INFORM|Shared folders for coordinate system exceptions are : C:\Users\kg291979\Documents\FME\CoordinateSystemExceptions
2025-01-28 19:57:12|   0.0|  0.0|INFORM|Shared folders for coordinate system grid overrides are : C:\Users\kg291979\Documents\FME\CoordinateSystemGridOverrides
2025-01-28 19:57:12|   0.0|  0.0|INFORM|Shared folders for CS-MAP transformation exceptions are : C:\Users\kg291979\Documents\FME\CsmapTransformationExceptions
2025-01-28 19:57:12|   0.0|  0.0|INFORM|Shared folders for transformer categories are : C:\Users\kg291979\Documents\FME\TransformerCategories
2025-01-28 19:57:12|   0.0|  0.0|INFORM|FME Configuration: No destination coordinate system set
2025-01-28 19:57:12|   0.0|  0.0|INFORM|FME Configuration: Current working folder is `D:\Loup\7630h25\semaine3'
2025-01-28 19:57:12|   0.0|  0.0|INFORM|FME Configuration: Temporary folder is `C:\Users\kg291979\AppData\Local\Temp\wbrun_1738106697926_21544\fmetmp_12', set from environment variable `FME_TEMP'
2025-01-28 19:57:12|   0.0|  0.0|INFORM|FME Configuration: Cache folder is 'C:\Users\kg291979\AppData\Local\Temp'
2025-01-28 19:57:12|   0.0|  0.0|INFORM|FME Configuration: FME_HOME is `C:\Program Files\FME\'
2025-01-28 19:57:12|   0.0|  0.0|INFORM|FME Configuration: Start freeing memory when the process exceeds 95.40 GB
2025-01-28 19:57:12|   0.0|  0.0|INFORM|FME Configuration: Stop freeing memory when the process is below 71.55 GB
2025-01-28 19:57:12|   0.0|  0.0|INFORM|Creating writer for format: 
2025-01-28 19:57:12|   0.0|  0.0|INFORM|Creating reader for format: 
2025-01-28 19:57:12|   0.0|  0.0|INFORM|MULTI_READER(MULTI_READER): Will fail with first member reader failure
2025-01-28 19:57:12|   0.0|  0.0|INFORM|Using Multi Reader with keyword `MULTI_READER' to read multiple datasets
2025-01-28 19:57:12|   0.0|  0.0|INFORM|Using MultiWriter with keyword `PRIMARY_DEST' to output data (ID_ATTRIBUTE is `multi_writer_id')
2025-01-28 19:57:12|   0.0|  0.0|INFORM|Writer output will be ordered by value of multi_writer_id
2025-01-28 19:57:12|   0.0|  0.0|INFORM|Loaded module 'LogCount_func' from file 'C:\Program Files\FME\plugins/LogCount_func.dll'
2025-01-28 19:57:12|   0.0|  0.0|INFORM|FME API version of module 'LogCount_func' matches current internal version (4.0 20240212)
2025-01-28 19:57:12|   0.0|  0.0|INFORM|Emptying factory pipeline
2025-01-28 19:57:12|   0.0|  0.0|STATS |Router and Unexpected Input Remover (RoutingFactory): Tested 0 input feature(s), wrote 0 output feature(s): 0 matched merge filters, 0 were routed to output, 0 could not be routed.
2025-01-28 19:57:12|   0.0|  0.0|STATS |Unwanted Router Input Nuker (TeeFactory): Cloned 0 input feature(s) into 0 output feature(s)
2025-01-28 19:57:12|   0.0|  0.0|STATS |espvert.esv_espace_vert_vue_datefin_null_GEOJSON_1 Splitter (TeeFactory): Cloned 0 input feature(s) into 0 output feature(s)
2025-01-28 19:57:12|   0.0|  0.0|STATS |CSV_CSV2_2 Splitter (TeeFactory): Cloned 0 input feature(s) into 0 output feature(s)
2025-01-28 19:57:12|   0.1|  0.1|STATS |Restoring 2258 feature(s) from FME feature store file `C:\Users\kg291979\AppData\Local\Temp\wb-cache-lab3-vJRORq\Main_AttributeKeeper -1 24 fo 0 OUTPUT  0  32d8351a7726fa5105932fe30e0d9b35945b3a9b.ffs'
2025-01-28 19:57:12|   0.4|  0.3|STATS |Destination Feature Type Routing Correlator (RoutingFactory): Tested 0 input feature(s), wrote 0 output feature(s): 0 matched merge filters, 0 were routed to output, 0 could not be routed.
2025-01-28 19:57:12|   0.4|  0.0|STATS |Final Output Nuker (TeeFactory): Cloned 0 input feature(s) into 0 output feature(s)
2025-01-28 19:57:12|   0.4|  0.0|STATS |=-=-=-=-=-=-=-=-=-=-=-=-=-=-=-=-=-=-=-=-=-=-=-=-=-=-=-=-=-=-=-=-=-=-=-=-=-=-=-
2025-01-28 19:57:12|   0.4|  0.0|STATS |                            Features Read Summary
2025-01-28 19:57:12|   0.4|  0.0|STATS |=-=-=-=-=-=-=-=-=-=-=-=-=-=-=-=-=-=-=-=-=-=-=-=-=-=-=-=-=-=-=-=-=-=-=-=-=-=-=-
2025-01-28 19:57:12|   0.4|  0.0|STATS |==============================================================================
2025-01-28 19:57:12|   0.4|  0.0|STATS |Total Features Read                                                          0
2025-01-28 19:57:12|   0.4|  0.0|STATS |=-=-=-=-=-=-=-=-=-=-=-=-=-=-=-=-=-=-=-=-=-=-=-=-=-=-=-=-=-=-=-=-=-=-=-=-=-=-=-
2025-01-28 19:57:12|   0.4|  0.0|STATS |=-=-=-=-=-=-=-=-=-=-=-=-=-=-=-=-=-=-=-=-=-=-=-=-=-=-=-=-=-=-=-=-=-=-=-=-=-=-=-
2025-01-28 19:57:12|   0.4|  0.0|STATS |                           Features Written Summary
2025-01-28 19:57:12|   0.4|  0.0|STATS |=-=-=-=-=-=-=-=-=-=-=-=-=-=-=-=-=-=-=-=-=-=-=-=-=-=-=-=-=-=-=-=-=-=-=-=-=-=-=-
2025-01-28 19:57:12|   0.4|  0.0|STATS |==============================================================================
2025-01-28 19:57:12|   0.4|  0.0|STATS |Total Features Written                                                       0
2025-01-28 19:57:12|   0.4|  0.0|STATS |=-=-=-=-=-=-=-=-=-=-=-=-=-=-=-=-=-=-=-=-=-=-=-=-=-=-=-=-=-=-=-=-=-=-=-=-=-=-=-
2025-01-28 19:57:12|   0.4|  0.0|WARN  |-~-~-~-~-~-~-~-~-~-~-~-~-~-~-~-~-~-~-~-~-~-~-~-~-~-~-~-~-~-~-~-~-~-~-~-~-~-~-~-~-
2025-01-28 19:57:12|   0.4|  0.0|WARN  |-~                                                                             ~-
2025-01-28 19:57:12|   0.4|  0.0|WARN  |-~    Feature caches have been recorded at every stage of the translation.     ~-
2025-01-28 19:57:12|   0.4|  0.0|WARN  |-~                      To inspect the recorded features,                      ~-
2025-01-28 19:57:12|   0.4|  0.0|WARN  |-~              click the feature cache icons next to the ports.               ~-
2025-01-28 19:57:12|   0.4|  0.0|WARN  |-~                                                                             ~-
2025-01-28 19:57:12|   0.4|  0.0|WARN  |-~-~-~-~-~-~-~-~-~-~-~-~-~-~-~-~-~-~-~-~-~-~-~-~-~-~-~-~-~-~-~-~-~-~-~-~-~-~-~-~-
2025-01-28 19:57:12|   0.4|  0.0|INFORM|Translation was SUCCESSFUL with 7 warning(s) (0 feature(s) output)
2025-01-28 19:57:12|   0.4|  0.0|INFORM|FME Session Duration: 0.4 seconds. (CPU: 0.4s user, 0.0s system)
2025-01-28 19:57:12|   0.4|  0.0|INFORM|END - ProcessID: 9964, peak process memory usage: 92676 kB, current process memory usage: 92620 kB
